`torch_dtype` is deprecated! Use `dtype` instead!
Traceback (most recent call last):
  File "/mnt/vstor/courses/csds447/kvl16/project/csds447-health-qa-safety/venv/lib/python3.12/site-packages/huggingface_hub/utils/_http.py", line 402, in hf_raise_for_status
    response.raise_for_status()
  File "/mnt/vstor/courses/csds447/kvl16/project/csds447-health-qa-safety/venv/lib/python3.12/site-packages/requests/models.py", line 1026, in raise_for_status
    raise HTTPError(http_error_msg, response=self)
requests.exceptions.HTTPError: 401 Client Error: Unauthorized for url: https://huggingface.co/checkpoints/lora-tinyllama/resolve/main/adapter_config.json

The above exception was the direct cause of the following exception:

Traceback (most recent call last):
  File "/mnt/vstor/courses/csds447/kvl16/project/csds447-health-qa-safety/venv/lib/python3.12/site-packages/peft/config.py", line 317, in _get_peft_type
    config_file = hf_hub_download(
                  ^^^^^^^^^^^^^^^^
  File "/mnt/vstor/courses/csds447/kvl16/project/csds447-health-qa-safety/venv/lib/python3.12/site-packages/huggingface_hub/utils/_validators.py", line 114, in _inner_fn
    return fn(*args, **kwargs)
           ^^^^^^^^^^^^^^^^^^^
  File "/mnt/vstor/courses/csds447/kvl16/project/csds447-health-qa-safety/venv/lib/python3.12/site-packages/huggingface_hub/file_download.py", line 1007, in hf_hub_download
    return _hf_hub_download_to_cache_dir(
           ^^^^^^^^^^^^^^^^^^^^^^^^^^^^^^
  File "/mnt/vstor/courses/csds447/kvl16/project/csds447-health-qa-safety/venv/lib/python3.12/site-packages/huggingface_hub/file_download.py", line 1114, in _hf_hub_download_to_cache_dir
    _raise_on_head_call_error(head_call_error, force_download, local_files_only)
  File "/mnt/vstor/courses/csds447/kvl16/project/csds447-health-qa-safety/venv/lib/python3.12/site-packages/huggingface_hub/file_download.py", line 1655, in _raise_on_head_call_error
    raise head_call_error
  File "/mnt/vstor/courses/csds447/kvl16/project/csds447-health-qa-safety/venv/lib/python3.12/site-packages/huggingface_hub/file_download.py", line 1543, in _get_metadata_or_catch_error
    metadata = get_hf_file_metadata(
               ^^^^^^^^^^^^^^^^^^^^^
  File "/mnt/vstor/courses/csds447/kvl16/project/csds447-health-qa-safety/venv/lib/python3.12/site-packages/huggingface_hub/utils/_validators.py", line 114, in _inner_fn
    return fn(*args, **kwargs)
           ^^^^^^^^^^^^^^^^^^^
  File "/mnt/vstor/courses/csds447/kvl16/project/csds447-health-qa-safety/venv/lib/python3.12/site-packages/huggingface_hub/file_download.py", line 1460, in get_hf_file_metadata
    r = _request_wrapper(
        ^^^^^^^^^^^^^^^^^
  File "/mnt/vstor/courses/csds447/kvl16/project/csds447-health-qa-safety/venv/lib/python3.12/site-packages/huggingface_hub/file_download.py", line 283, in _request_wrapper
    response = _request_wrapper(
               ^^^^^^^^^^^^^^^^^
  File "/mnt/vstor/courses/csds447/kvl16/project/csds447-health-qa-safety/venv/lib/python3.12/site-packages/huggingface_hub/file_download.py", line 307, in _request_wrapper
    hf_raise_for_status(response)
  File "/mnt/vstor/courses/csds447/kvl16/project/csds447-health-qa-safety/venv/lib/python3.12/site-packages/huggingface_hub/utils/_http.py", line 452, in hf_raise_for_status
    raise _format(RepositoryNotFoundError, message, response) from e
huggingface_hub.errors.RepositoryNotFoundError: 401 Client Error. (Request ID: Root=1-6924adb2-09d0da603670261540e4a0b1;eeed47e5-70d5-4da7-86cd-df925398eb3d)

Repository Not Found for url: https://huggingface.co/checkpoints/lora-tinyllama/resolve/main/adapter_config.json.
Please make sure you specified the correct `repo_id` and `repo_type`.
If you are trying to access a private or gated repo, make sure you are authenticated. For more details, see https://huggingface.co/docs/huggingface_hub/authentication
Invalid username or password.

During handling of the above exception, another exception occurred:

Traceback (most recent call last):
  File "/mnt/vstor/courses/csds447/kvl16/project/csds447-health-qa-safety/src/run_bench.py", line 123, in <module>
    main()
  File "/mnt/vstor/courses/csds447/kvl16/project/csds447-health-qa-safety/src/run_bench.py", line 108, in main
    output = fut.result()
             ^^^^^^^^^^^^
  File "/usr/local/easybuild_allnodes/software/Python/3.12.3-GCCcore-13.3.0/lib/python3.12/concurrent/futures/_base.py", line 449, in result
    return self.__get_result()
           ^^^^^^^^^^^^^^^^^^^
  File "/usr/local/easybuild_allnodes/software/Python/3.12.3-GCCcore-13.3.0/lib/python3.12/concurrent/futures/_base.py", line 401, in __get_result
    raise self._exception
  File "/usr/local/easybuild_allnodes/software/Python/3.12.3-GCCcore-13.3.0/lib/python3.12/concurrent/futures/thread.py", line 58, in run
    result = self.fn(*self.args, **self.kwargs)
             ^^^^^^^^^^^^^^^^^^^^^^^^^^^^^^^^^^
  File "/mnt/vstor/courses/csds447/kvl16/project/csds447-health-qa-safety/src/run_bench.py", line 51, in generate_model_outputs
    model = get_model(model_name, lora_path="checkpoints/lora-tinyllama")
            ^^^^^^^^^^^^^^^^^^^^^^^^^^^^^^^^^^^^^^^^^^^^^^^^^^^^^^^^^^^^^
  File "/mnt/vstor/courses/csds447/kvl16/project/csds447-health-qa-safety/src/registry.py", line 4, in get_model
    return HFChat(model_name=name, lora_path=lora_path)
           ^^^^^^^^^^^^^^^^^^^^^^^^^^^^^^^^^^^^^^^^^^^^
  File "/mnt/vstor/courses/csds447/kvl16/project/csds447-health-qa-safety/src/hf_chat.py", line 14, in __init__
    self.model = PeftModel.from_pretrained(self.model, lora_path)
                 ^^^^^^^^^^^^^^^^^^^^^^^^^^^^^^^^^^^^^^^^^^^^^^^^
  File "/mnt/vstor/courses/csds447/kvl16/project/csds447-health-qa-safety/venv/lib/python3.12/site-packages/peft/peft_model.py", line 459, in from_pretrained
    config = PEFT_TYPE_TO_CONFIG_MAPPING[PeftConfig._get_peft_type(model_id, **hf_kwargs)].from_pretrained(
                                         ^^^^^^^^^^^^^^^^^^^^^^^^^^^^^^^^^^^^^^^^^^^^^^^^
  File "/mnt/vstor/courses/csds447/kvl16/project/csds447-health-qa-safety/venv/lib/python3.12/site-packages/peft/config.py", line 323, in _get_peft_type
    raise ValueError(f"Can't find '{CONFIG_NAME}' at '{model_id}'")
ValueError: Can't find 'adapter_config.json' at 'checkpoints/lora-tinyllama'
